This file contains any messages produced by compilers while
running configure, to aid debugging if configure makes a mistake.

It was created by jikes configure 1.22, which was
generated by GNU Autoconf 2.59.  Invocation command line was

  $ ./configure --prefix=/mnt/c/Code/pinottest/PREFIX --enable-debug

## --------- ##
## Platform. ##
## --------- ##

hostname = DESKTOP-FBVGKFN
uname -m = x86_64
uname -r = 4.4.0-19041-Microsoft
uname -s = Linux
uname -v = #488-Microsoft Mon Sep 01 13:43:00 PST 2020

/usr/bin/uname -p = x86_64
/bin/uname -X     = unknown

/bin/arch              = x86_64
/usr/bin/arch -k       = unknown
/usr/convex/getsysinfo = unknown
hostinfo               = unknown
/bin/machine           = unknown
/usr/bin/oslevel       = unknown
/bin/universe          = unknown

PATH: /usr/local/sbin
PATH: /usr/local/bin
PATH: /usr/sbin
PATH: /usr/bin
PATH: /sbin
PATH: /bin
PATH: /usr/games
PATH: /usr/local/games
PATH: /mnt/c/Program Files/WindowsApps/CanonicalGroupLimited.Ubuntu20.04onWindows_2004.2020.812.0_x64__79rhkp1fndgsc
PATH: /mnt/c/Windows/system32
PATH: /mnt/c/Windows
PATH: /mnt/c/Windows/System32/Wbem
PATH: /mnt/c/Windows/System32/WindowsPowerShell/v1.0/
PATH: /mnt/c/Windows/System32/OpenSSH/
PATH: /mnt/c/Program Files/NVIDIA Corporation/NVIDIA NvDLISR
PATH: /mnt/c/Program Files (x86)/NVIDIA Corporation/PhysX/Common
PATH: /mnt/c/HashiCorp/Vagrant/bin
PATH: /mnt/c/Program Files/PuTTY/
PATH: /mnt/c/Program Files (x86)/Microsoft SQL Server/150/DTS/Binn/
PATH: /mnt/c/Program Files/MATLAB/R2020a/bin
PATH: /mnt/c/Program Files/Microsoft SQL Server/130/Tools/Binn/
PATH: /mnt/c/Program Files/Microsoft SQL Server/Client SDK/ODBC/170/Tools/Binn/
PATH: /mnt/c/Users/Sytse Oegema/AppData/Local/Microsoft/WindowsApps
PATH: /mnt/c/Users/Sytse Oegema/AppData/Local/atom/bin
PATH: /snap/bin
PATH: /home/sytse/.dotnet/tools


## ----------- ##
## Core tests. ##
## ----------- ##

configure:1363: checking for a BSD-compatible install
configure:1418: result: /usr/bin/install -c
configure:1429: checking whether build environment is sane
configure:1472: result: yes
configure:1529: checking for gawk
configure:1545: found /usr/bin/gawk
configure:1555: result: gawk
configure:1565: checking whether make sets $(MAKE)
configure:1585: result: yes
configure:1763: checking whether to enable maintainer-specific portions of Makefiles
configure:1772: result: no
configure:1794: checking build system type
configure:1812: result: x86_64-unknown-linux-gnu
configure:1820: checking host system type
configure:1834: result: x86_64-unknown-linux-gnu
configure:1851: checking for touch
configure:1869: found /usr/bin/touch
configure:1881: result: /usr/bin/touch
configure:1979: checking for g++
configure:1995: found /usr/bin/g++
configure:2005: result: g++
configure:2021: checking for C++ compiler version
configure:2024: g++ --version </dev/null >&5
g++ (Ubuntu 9.3.0-17ubuntu1~20.04) 9.3.0
Copyright (C) 2019 Free Software Foundation, Inc.
This is free software; see the source for copying conditions.  There is NO
warranty; not even for MERCHANTABILITY or FITNESS FOR A PARTICULAR PURPOSE.

configure:2027: $? = 0
configure:2029: g++ -v </dev/null >&5
Using built-in specs.
COLLECT_GCC=g++
COLLECT_LTO_WRAPPER=/usr/lib/gcc/x86_64-linux-gnu/9/lto-wrapper
OFFLOAD_TARGET_NAMES=nvptx-none:hsa
OFFLOAD_TARGET_DEFAULT=1
Target: x86_64-linux-gnu
Configured with: ../src/configure -v --with-pkgversion='Ubuntu 9.3.0-17ubuntu1~20.04' --with-bugurl=file:///usr/share/doc/gcc-9/README.Bugs --enable-languages=c,ada,c++,go,brig,d,fortran,objc,obj-c++,gm2 --prefix=/usr --with-gcc-major-version-only --program-suffix=-9 --program-prefix=x86_64-linux-gnu- --enable-shared --enable-linker-build-id --libexecdir=/usr/lib --without-included-gettext --enable-threads=posix --libdir=/usr/lib --enable-nls --enable-clocale=gnu --enable-libstdcxx-debug --enable-libstdcxx-time=yes --with-default-libstdcxx-abi=new --enable-gnu-unique-object --disable-vtable-verify --enable-plugin --enable-default-pie --with-system-zlib --with-target-system-zlib=auto --enable-objc-gc=auto --enable-multiarch --disable-werror --with-arch-32=i686 --with-abi=m64 --with-multilib-list=m32,m64,mx32 --enable-multilib --with-tune=generic --enable-offload-targets=nvptx-none=/build/gcc-9-HskZEa/gcc-9-9.3.0/debian/tmp-nvptx/usr,hsa --without-cuda-driver --enable-checking=release --build=x86_64-linux-gnu --host=x86_64-linux-gnu --target=x86_64-linux-gnu
Thread model: posix
gcc version 9.3.0 (Ubuntu 9.3.0-17ubuntu1~20.04) 
configure:2032: $? = 0
configure:2034: g++ -V </dev/null >&5
g++: error: unrecognized command line option '-V'
g++: fatal error: no input files
compilation terminated.
configure:2037: $? = 1
configure:2060: checking for C++ compiler default output file name
configure:2063: g++ -g   conftest.cc  >&5
configure:2066: $? = 0
configure:2112: result: a.out
configure:2117: checking whether the C++ compiler works
configure:2123: ./a.out
configure:2126: $? = 0
configure:2143: result: yes
configure:2150: checking whether we are cross compiling
configure:2152: result: no
configure:2155: checking for suffix of executables
configure:2157: g++ -o conftest -g   conftest.cc  >&5
configure:2160: $? = 0
configure:2185: result: 
configure:2191: checking for suffix of object files
configure:2212: g++ -c -g  conftest.cc >&5
configure:2215: $? = 0
configure:2237: result: o
configure:2241: checking whether we are using the GNU C++ compiler
configure:2265: g++ -c -g  conftest.cc >&5
configure:2271: $? = 0
configure:2275: test -z 
			 || test ! -s conftest.err
configure:2278: $? = 0
configure:2281: test -s conftest.o
configure:2284: $? = 0
configure:2297: result: yes
configure:2303: checking whether g++ accepts -g
configure:2324: g++ -c -g  conftest.cc >&5
configure:2330: $? = 0
configure:2334: test -z 
			 || test ! -s conftest.err
configure:2337: $? = 0
configure:2340: test -s conftest.o
configure:2343: $? = 0
configure:2354: result: yes
configure:2396: g++ -c -g  conftest.cc >&5
configure:2402: $? = 0
configure:2406: test -z 
			 || test ! -s conftest.err
configure:2409: $? = 0
configure:2412: test -s conftest.o
configure:2415: $? = 0
configure:2441: g++ -c -g  conftest.cc >&5
conftest.cc: In function 'int main()':
conftest.cc:17:1: error: 'exit' was not declared in this scope
   17 | exit (42);
      | ^~~~
configure:2447: $? = 1
configure: failed program was:
| /* confdefs.h.  */
| 
| #define PACKAGE_NAME "jikes"
| #define PACKAGE_TARNAME "jikes"
| #define PACKAGE_VERSION "1.22"
| #define PACKAGE_STRING "jikes 1.22"
| #define PACKAGE_BUGREPORT ""
| #define PACKAGE "jikes"
| #define VERSION "1.22"
| #define JIKES_VERSION_STRING "Version 1.22 - 3 October 2004"
| #define JIKES_DEBUG 1
| /* end confdefs.h.  */
| 
| int
| main ()
| {
| exit (42);
|   ;
|   return 0;
| }
configure:2396: g++ -c -g  conftest.cc >&5
configure:2402: $? = 0
configure:2406: test -z 
			 || test ! -s conftest.err
configure:2409: $? = 0
configure:2412: test -s conftest.o
configure:2415: $? = 0
configure:2441: g++ -c -g  conftest.cc >&5
configure:2447: $? = 0
configure:2451: test -z 
			 || test ! -s conftest.err
configure:2454: $? = 0
configure:2457: test -s conftest.o
configure:2460: $? = 0
configure:2494: checking for style of include used by make
configure:2522: result: GNU
configure:2550: checking dependency style of g++
configure:2640: result: gcc3
configure:2658: checking for Windows and DOS and OS/2 style pathnames
configure:2672: result: no
configure:2734: checking how to run the C++ preprocessor
configure:2765: g++ -E  conftest.cc
configure:2771: $? = 0
configure:2803: g++ -E  conftest.cc
conftest.cc:18:10: fatal error: ac_nonexistent.h: No such file or directory
   18 | #include <ac_nonexistent.h>
      |          ^~~~~~~~~~~~~~~~~~
compilation terminated.
configure:2809: $? = 1
configure: failed program was:
| /* confdefs.h.  */
| 
| #define PACKAGE_NAME "jikes"
| #define PACKAGE_TARNAME "jikes"
| #define PACKAGE_VERSION "1.22"
| #define PACKAGE_STRING "jikes 1.22"
| #define PACKAGE_BUGREPORT ""
| #define PACKAGE "jikes"
| #define VERSION "1.22"
| #define JIKES_VERSION_STRING "Version 1.22 - 3 October 2004"
| #define JIKES_DEBUG 1
| #ifdef __cplusplus
| extern "C" void std::exit (int) throw (); using std::exit;
| #endif
| #define PATH_SEPARATOR ':'
| #define UNIX_FILE_SYSTEM
| /* end confdefs.h.  */
| #include <ac_nonexistent.h>
configure:2848: result: g++ -E
configure:2872: g++ -E  conftest.cc
configure:2878: $? = 0
configure:2910: g++ -E  conftest.cc
conftest.cc:18:10: fatal error: ac_nonexistent.h: No such file or directory
   18 | #include <ac_nonexistent.h>
      |          ^~~~~~~~~~~~~~~~~~
compilation terminated.
configure:2916: $? = 1
configure: failed program was:
| /* confdefs.h.  */
| 
| #define PACKAGE_NAME "jikes"
| #define PACKAGE_TARNAME "jikes"
| #define PACKAGE_VERSION "1.22"
| #define PACKAGE_STRING "jikes 1.22"
| #define PACKAGE_BUGREPORT ""
| #define PACKAGE "jikes"
| #define VERSION "1.22"
| #define JIKES_VERSION_STRING "Version 1.22 - 3 October 2004"
| #define JIKES_DEBUG 1
| #ifdef __cplusplus
| extern "C" void std::exit (int) throw (); using std::exit;
| #endif
| #define PATH_SEPARATOR ':'
| #define UNIX_FILE_SYSTEM
| /* end confdefs.h.  */
| #include <ac_nonexistent.h>
configure:2960: checking for egrep
configure:2970: result: grep -E
configure:2975: checking for ANSI C header files
configure:3000: g++ -c -g  conftest.cc >&5
configure:3006: $? = 0
configure:3010: test -z 
			 || test ! -s conftest.err
configure:3013: $? = 0
configure:3016: test -s conftest.o
configure:3019: $? = 0
configure:3108: g++ -o conftest -g   conftest.cc  >&5
configure:3111: $? = 0
configure:3113: ./conftest
configure:3116: $? = 0
configure:3131: result: yes
configure:3156: checking for sys/types.h
configure:3172: g++ -c -g  conftest.cc >&5
configure:3178: $? = 0
configure:3182: test -z 
			 || test ! -s conftest.err
configure:3185: $? = 0
configure:3188: test -s conftest.o
configure:3191: $? = 0
configure:3202: result: yes
configure:3156: checking for sys/stat.h
configure:3172: g++ -c -g  conftest.cc >&5
configure:3178: $? = 0
configure:3182: test -z 
			 || test ! -s conftest.err
configure:3185: $? = 0
configure:3188: test -s conftest.o
configure:3191: $? = 0
configure:3202: result: yes
configure:3156: checking for stdlib.h
configure:3172: g++ -c -g  conftest.cc >&5
configure:3178: $? = 0
configure:3182: test -z 
			 || test ! -s conftest.err
configure:3185: $? = 0
configure:3188: test -s conftest.o
configure:3191: $? = 0
configure:3202: result: yes
configure:3156: checking for string.h
configure:3172: g++ -c -g  conftest.cc >&5
configure:3178: $? = 0
configure:3182: test -z 
			 || test ! -s conftest.err
configure:3185: $? = 0
configure:3188: test -s conftest.o
configure:3191: $? = 0
configure:3202: result: yes
configure:3156: checking for memory.h
configure:3172: g++ -c -g  conftest.cc >&5
configure:3178: $? = 0
configure:3182: test -z 
			 || test ! -s conftest.err
configure:3185: $? = 0
configure:3188: test -s conftest.o
configure:3191: $? = 0
configure:3202: result: yes
configure:3156: checking for strings.h
configure:3172: g++ -c -g  conftest.cc >&5
configure:3178: $? = 0
configure:3182: test -z 
			 || test ! -s conftest.err
configure:3185: $? = 0
configure:3188: test -s conftest.o
configure:3191: $? = 0
configure:3202: result: yes
configure:3156: checking for inttypes.h
configure:3172: g++ -c -g  conftest.cc >&5
configure:3178: $? = 0
configure:3182: test -z 
			 || test ! -s conftest.err
configure:3185: $? = 0
configure:3188: test -s conftest.o
configure:3191: $? = 0
configure:3202: result: yes
configure:3156: checking for stdint.h
configure:3172: g++ -c -g  conftest.cc >&5
configure:3178: $? = 0
configure:3182: test -z 
			 || test ! -s conftest.err
configure:3185: $? = 0
configure:3188: test -s conftest.o
configure:3191: $? = 0
configure:3202: result: yes
configure:3156: checking for unistd.h
configure:3172: g++ -c -g  conftest.cc >&5
configure:3178: $? = 0
configure:3182: test -z 
			 || test ! -s conftest.err
configure:3185: $? = 0
configure:3188: test -s conftest.o
configure:3191: $? = 0
configure:3202: result: yes
configure:3234: checking stdio.h usability
configure:3246: g++ -c -g  conftest.cc >&5
configure:3252: $? = 0
configure:3256: test -z 
			 || test ! -s conftest.err
configure:3259: $? = 0
configure:3262: test -s conftest.o
configure:3265: $? = 0
configure:3275: result: yes
configure:3279: checking stdio.h presence
configure:3289: g++ -E  conftest.cc
configure:3295: $? = 0
configure:3315: result: yes
configure:3350: checking for stdio.h
configure:3357: result: yes
configure:3234: checking assert.h usability
configure:3246: g++ -c -g  conftest.cc >&5
configure:3252: $? = 0
configure:3256: test -z 
			 || test ! -s conftest.err
configure:3259: $? = 0
configure:3262: test -s conftest.o
configure:3265: $? = 0
configure:3275: result: yes
configure:3279: checking assert.h presence
configure:3289: g++ -E  conftest.cc
configure:3295: $? = 0
configure:3315: result: yes
configure:3350: checking for assert.h
configure:3357: result: yes
configure:3234: checking errno.h usability
configure:3246: g++ -c -g  conftest.cc >&5
configure:3252: $? = 0
configure:3256: test -z 
			 || test ! -s conftest.err
configure:3259: $? = 0
configure:3262: test -s conftest.o
configure:3265: $? = 0
configure:3275: result: yes
configure:3279: checking errno.h presence
configure:3289: g++ -E  conftest.cc
configure:3295: $? = 0
configure:3315: result: yes
configure:3350: checking for errno.h
configure:3357: result: yes
configure:3234: checking limits.h usability
configure:3246: g++ -c -g  conftest.cc >&5
configure:3252: $? = 0
configure:3256: test -z 
			 || test ! -s conftest.err
configure:3259: $? = 0
configure:3262: test -s conftest.o
configure:3265: $? = 0
configure:3275: result: yes
configure:3279: checking limits.h presence
configure:3289: g++ -E  conftest.cc
configure:3295: $? = 0
configure:3315: result: yes
configure:3350: checking for limits.h
configure:3357: result: yes
configure:3234: checking ctype.h usability
configure:3246: g++ -c -g  conftest.cc >&5
configure:3252: $? = 0
configure:3256: test -z 
			 || test ! -s conftest.err
configure:3259: $? = 0
configure:3262: test -s conftest.o
configure:3265: $? = 0
configure:3275: result: yes
configure:3279: checking ctype.h presence
configure:3289: g++ -E  conftest.cc
configure:3295: $? = 0
configure:3315: result: yes
configure:3350: checking for ctype.h
configure:3357: result: yes
configure:3234: checking time.h usability
configure:3246: g++ -c -g  conftest.cc >&5
configure:3252: $? = 0
configure:3256: test -z 
			 || test ! -s conftest.err
configure:3259: $? = 0
configure:3262: test -s conftest.o
configure:3265: $? = 0
configure:3275: result: yes
configure:3279: checking time.h presence
configure:3289: g++ -E  conftest.cc
configure:3295: $? = 0
configure:3315: result: yes
configure:3350: checking for time.h
configure:3357: result: yes
configure:3234: checking float.h usability
configure:3246: g++ -c -g  conftest.cc >&5
configure:3252: $? = 0
configure:3256: test -z 
			 || test ! -s conftest.err
configure:3259: $? = 0
configure:3262: test -s conftest.o
configure:3265: $? = 0
configure:3275: result: yes
configure:3279: checking float.h presence
configure:3289: g++ -E  conftest.cc
configure:3295: $? = 0
configure:3315: result: yes
configure:3350: checking for float.h
configure:3357: result: yes
configure:3389: checking windows.h usability
configure:3401: g++ -c -g  conftest.cc >&5
conftest.cc:69:10: fatal error: windows.h: No such file or directory
   69 | #include <windows.h>
      |          ^~~~~~~~~~~
compilation terminated.
configure:3407: $? = 1
configure: failed program was:
| /* confdefs.h.  */
| 
| #define PACKAGE_NAME "jikes"
| #define PACKAGE_TARNAME "jikes"
| #define PACKAGE_VERSION "1.22"
| #define PACKAGE_STRING "jikes 1.22"
| #define PACKAGE_BUGREPORT ""
| #define PACKAGE "jikes"
| #define VERSION "1.22"
| #define JIKES_VERSION_STRING "Version 1.22 - 3 October 2004"
| #define JIKES_DEBUG 1
| #ifdef __cplusplus
| extern "C" void std::exit (int) throw (); using std::exit;
| #endif
| #define PATH_SEPARATOR ':'
| #define UNIX_FILE_SYSTEM
| #define STDC_HEADERS 1
| #define HAVE_SYS_TYPES_H 1
| #define HAVE_SYS_STAT_H 1
| #define HAVE_STDLIB_H 1
| #define HAVE_STRING_H 1
| #define HAVE_MEMORY_H 1
| #define HAVE_STRINGS_H 1
| #define HAVE_INTTYPES_H 1
| #define HAVE_STDINT_H 1
| #define HAVE_UNISTD_H 1
| #define HAVE_STDIO_H 1
| #define HAVE_ASSERT_H 1
| #define HAVE_ERRNO_H 1
| #define HAVE_LIMITS_H 1
| #define HAVE_CTYPE_H 1
| #define HAVE_TIME_H 1
| #define HAVE_FLOAT_H 1
| /* end confdefs.h.  */
| #include <stdio.h>
| #if HAVE_SYS_TYPES_H
| # include <sys/types.h>
| #endif
| #if HAVE_SYS_STAT_H
| # include <sys/stat.h>
| #endif
| #if STDC_HEADERS
| # include <stdlib.h>
| # include <stddef.h>
| #else
| # if HAVE_STDLIB_H
| #  include <stdlib.h>
| # endif
| #endif
| #if HAVE_STRING_H
| # if !STDC_HEADERS && HAVE_MEMORY_H
| #  include <memory.h>
| # endif
| # include <string.h>
| #endif
| #if HAVE_STRINGS_H
| # include <strings.h>
| #endif
| #if HAVE_INTTYPES_H
| # include <inttypes.h>
| #else
| # if HAVE_STDINT_H
| #  include <stdint.h>
| # endif
| #endif
| #if HAVE_UNISTD_H
| # include <unistd.h>
| #endif
| #include <windows.h>
configure:3430: result: no
configure:3434: checking windows.h presence
configure:3444: g++ -E  conftest.cc
conftest.cc:35:10: fatal error: windows.h: No such file or directory
   35 | #include <windows.h>
      |          ^~~~~~~~~~~
compilation terminated.
configure:3450: $? = 1
configure: failed program was:
| /* confdefs.h.  */
| 
| #define PACKAGE_NAME "jikes"
| #define PACKAGE_TARNAME "jikes"
| #define PACKAGE_VERSION "1.22"
| #define PACKAGE_STRING "jikes 1.22"
| #define PACKAGE_BUGREPORT ""
| #define PACKAGE "jikes"
| #define VERSION "1.22"
| #define JIKES_VERSION_STRING "Version 1.22 - 3 October 2004"
| #define JIKES_DEBUG 1
| #ifdef __cplusplus
| extern "C" void std::exit (int) throw (); using std::exit;
| #endif
| #define PATH_SEPARATOR ':'
| #define UNIX_FILE_SYSTEM
| #define STDC_HEADERS 1
| #define HAVE_SYS_TYPES_H 1
| #define HAVE_SYS_STAT_H 1
| #define HAVE_STDLIB_H 1
| #define HAVE_STRING_H 1
| #define HAVE_MEMORY_H 1
| #define HAVE_STRINGS_H 1
| #define HAVE_INTTYPES_H 1
| #define HAVE_STDINT_H 1
| #define HAVE_UNISTD_H 1
| #define HAVE_STDIO_H 1
| #define HAVE_ASSERT_H 1
| #define HAVE_ERRNO_H 1
| #define HAVE_LIMITS_H 1
| #define HAVE_CTYPE_H 1
| #define HAVE_TIME_H 1
| #define HAVE_FLOAT_H 1
| /* end confdefs.h.  */
| #include <windows.h>
configure:3470: result: no
configure:3505: checking for windows.h
configure:3512: result: no
configure:3389: checking direct.h usability
configure:3401: g++ -c -g  conftest.cc >&5
conftest.cc:69:10: fatal error: direct.h: No such file or directory
   69 | #include <direct.h>
      |          ^~~~~~~~~~
compilation terminated.
configure:3407: $? = 1
configure: failed program was:
| /* confdefs.h.  */
| 
| #define PACKAGE_NAME "jikes"
| #define PACKAGE_TARNAME "jikes"
| #define PACKAGE_VERSION "1.22"
| #define PACKAGE_STRING "jikes 1.22"
| #define PACKAGE_BUGREPORT ""
| #define PACKAGE "jikes"
| #define VERSION "1.22"
| #define JIKES_VERSION_STRING "Version 1.22 - 3 October 2004"
| #define JIKES_DEBUG 1
| #ifdef __cplusplus
| extern "C" void std::exit (int) throw (); using std::exit;
| #endif
| #define PATH_SEPARATOR ':'
| #define UNIX_FILE_SYSTEM
| #define STDC_HEADERS 1
| #define HAVE_SYS_TYPES_H 1
| #define HAVE_SYS_STAT_H 1
| #define HAVE_STDLIB_H 1
| #define HAVE_STRING_H 1
| #define HAVE_MEMORY_H 1
| #define HAVE_STRINGS_H 1
| #define HAVE_INTTYPES_H 1
| #define HAVE_STDINT_H 1
| #define HAVE_UNISTD_H 1
| #define HAVE_STDIO_H 1
| #define HAVE_ASSERT_H 1
| #define HAVE_ERRNO_H 1
| #define HAVE_LIMITS_H 1
| #define HAVE_CTYPE_H 1
| #define HAVE_TIME_H 1
| #define HAVE_FLOAT_H 1
| /* end confdefs.h.  */
| #include <stdio.h>
| #if HAVE_SYS_TYPES_H
| # include <sys/types.h>
| #endif
| #if HAVE_SYS_STAT_H
| # include <sys/stat.h>
| #endif
| #if STDC_HEADERS
| # include <stdlib.h>
| # include <stddef.h>
| #else
| # if HAVE_STDLIB_H
| #  include <stdlib.h>
| # endif
| #endif
| #if HAVE_STRING_H
| # if !STDC_HEADERS && HAVE_MEMORY_H
| #  include <memory.h>
| # endif
| # include <string.h>
| #endif
| #if HAVE_STRINGS_H
| # include <strings.h>
| #endif
| #if HAVE_INTTYPES_H
| # include <inttypes.h>
| #else
| # if HAVE_STDINT_H
| #  include <stdint.h>
| # endif
| #endif
| #if HAVE_UNISTD_H
| # include <unistd.h>
| #endif
| #include <direct.h>
configure:3430: result: no
configure:3434: checking direct.h presence
configure:3444: g++ -E  conftest.cc
conftest.cc:35:10: fatal error: direct.h: No such file or directory
   35 | #include <direct.h>
      |          ^~~~~~~~~~
compilation terminated.
configure:3450: $? = 1
configure: failed program was:
| /* confdefs.h.  */
| 
| #define PACKAGE_NAME "jikes"
| #define PACKAGE_TARNAME "jikes"
| #define PACKAGE_VERSION "1.22"
| #define PACKAGE_STRING "jikes 1.22"
| #define PACKAGE_BUGREPORT ""
| #define PACKAGE "jikes"
| #define VERSION "1.22"
| #define JIKES_VERSION_STRING "Version 1.22 - 3 October 2004"
| #define JIKES_DEBUG 1
| #ifdef __cplusplus
| extern "C" void std::exit (int) throw (); using std::exit;
| #endif
| #define PATH_SEPARATOR ':'
| #define UNIX_FILE_SYSTEM
| #define STDC_HEADERS 1
| #define HAVE_SYS_TYPES_H 1
| #define HAVE_SYS_STAT_H 1
| #define HAVE_STDLIB_H 1
| #define HAVE_STRING_H 1
| #define HAVE_MEMORY_H 1
| #define HAVE_STRINGS_H 1
| #define HAVE_INTTYPES_H 1
| #define HAVE_STDINT_H 1
| #define HAVE_UNISTD_H 1
| #define HAVE_STDIO_H 1
| #define HAVE_ASSERT_H 1
| #define HAVE_ERRNO_H 1
| #define HAVE_LIMITS_H 1
| #define HAVE_CTYPE_H 1
| #define HAVE_TIME_H 1
| #define HAVE_FLOAT_H 1
| /* end confdefs.h.  */
| #include <direct.h>
configure:3470: result: no
configure:3505: checking for direct.h
configure:3512: result: no
configure:3389: checking dirent.h usability
configure:3401: g++ -c -g  conftest.cc >&5
configure:3407: $? = 0
configure:3411: test -z 
			 || test ! -s conftest.err
configure:3414: $? = 0
configure:3417: test -s conftest.o
configure:3420: $? = 0
configure:3430: result: yes
configure:3434: checking dirent.h presence
configure:3444: g++ -E  conftest.cc
configure:3450: $? = 0
configure:3470: result: yes
configure:3505: checking for dirent.h
configure:3512: result: yes
configure:3389: checking sys/cygwin.h usability
configure:3401: g++ -c -g  conftest.cc >&5
conftest.cc:70:10: fatal error: sys/cygwin.h: No such file or directory
   70 | #include <sys/cygwin.h>
      |          ^~~~~~~~~~~~~~
compilation terminated.
configure:3407: $? = 1
configure: failed program was:
| /* confdefs.h.  */
| 
| #define PACKAGE_NAME "jikes"
| #define PACKAGE_TARNAME "jikes"
| #define PACKAGE_VERSION "1.22"
| #define PACKAGE_STRING "jikes 1.22"
| #define PACKAGE_BUGREPORT ""
| #define PACKAGE "jikes"
| #define VERSION "1.22"
| #define JIKES_VERSION_STRING "Version 1.22 - 3 October 2004"
| #define JIKES_DEBUG 1
| #ifdef __cplusplus
| extern "C" void std::exit (int) throw (); using std::exit;
| #endif
| #define PATH_SEPARATOR ':'
| #define UNIX_FILE_SYSTEM
| #define STDC_HEADERS 1
| #define HAVE_SYS_TYPES_H 1
| #define HAVE_SYS_STAT_H 1
| #define HAVE_STDLIB_H 1
| #define HAVE_STRING_H 1
| #define HAVE_MEMORY_H 1
| #define HAVE_STRINGS_H 1
| #define HAVE_INTTYPES_H 1
| #define HAVE_STDINT_H 1
| #define HAVE_UNISTD_H 1
| #define HAVE_STDIO_H 1
| #define HAVE_ASSERT_H 1
| #define HAVE_ERRNO_H 1
| #define HAVE_LIMITS_H 1
| #define HAVE_CTYPE_H 1
| #define HAVE_TIME_H 1
| #define HAVE_FLOAT_H 1
| #define HAVE_DIRENT_H 1
| /* end confdefs.h.  */
| #include <stdio.h>
| #if HAVE_SYS_TYPES_H
| # include <sys/types.h>
| #endif
| #if HAVE_SYS_STAT_H
| # include <sys/stat.h>
| #endif
| #if STDC_HEADERS
| # include <stdlib.h>
| # include <stddef.h>
| #else
| # if HAVE_STDLIB_H
| #  include <stdlib.h>
| # endif
| #endif
| #if HAVE_STRING_H
| # if !STDC_HEADERS && HAVE_MEMORY_H
| #  include <memory.h>
| # endif
| # include <string.h>
| #endif
| #if HAVE_STRINGS_H
| # include <strings.h>
| #endif
| #if HAVE_INTTYPES_H
| # include <inttypes.h>
| #else
| # if HAVE_STDINT_H
| #  include <stdint.h>
| # endif
| #endif
| #if HAVE_UNISTD_H
| # include <unistd.h>
| #endif
| #include <sys/cygwin.h>
configure:3430: result: no
configure:3434: checking sys/cygwin.h presence
configure:3444: g++ -E  conftest.cc
conftest.cc:36:10: fatal error: sys/cygwin.h: No such file or directory
   36 | #include <sys/cygwin.h>
      |          ^~~~~~~~~~~~~~
compilation terminated.
configure:3450: $? = 1
configure: failed program was:
| /* confdefs.h.  */
| 
| #define PACKAGE_NAME "jikes"
| #define PACKAGE_TARNAME "jikes"
| #define PACKAGE_VERSION "1.22"
| #define PACKAGE_STRING "jikes 1.22"
| #define PACKAGE_BUGREPORT ""
| #define PACKAGE "jikes"
| #define VERSION "1.22"
| #define JIKES_VERSION_STRING "Version 1.22 - 3 October 2004"
| #define JIKES_DEBUG 1
| #ifdef __cplusplus
| extern "C" void std::exit (int) throw (); using std::exit;
| #endif
| #define PATH_SEPARATOR ':'
| #define UNIX_FILE_SYSTEM
| #define STDC_HEADERS 1
| #define HAVE_SYS_TYPES_H 1
| #define HAVE_SYS_STAT_H 1
| #define HAVE_STDLIB_H 1
| #define HAVE_STRING_H 1
| #define HAVE_MEMORY_H 1
| #define HAVE_STRINGS_H 1
| #define HAVE_INTTYPES_H 1
| #define HAVE_STDINT_H 1
| #define HAVE_UNISTD_H 1
| #define HAVE_STDIO_H 1
| #define HAVE_ASSERT_H 1
| #define HAVE_ERRNO_H 1
| #define HAVE_LIMITS_H 1
| #define HAVE_CTYPE_H 1
| #define HAVE_TIME_H 1
| #define HAVE_FLOAT_H 1
| #define HAVE_DIRENT_H 1
| /* end confdefs.h.  */
| #include <sys/cygwin.h>
configure:3470: result: no
configure:3505: checking for sys/cygwin.h
configure:3512: result: no
configure:3389: checking locale.h usability
configure:3401: g++ -c -g  conftest.cc >&5
configure:3407: $? = 0
configure:3411: test -z 
			 || test ! -s conftest.err
configure:3414: $? = 0
configure:3417: test -s conftest.o
configure:3420: $? = 0
configure:3430: result: yes
configure:3434: checking locale.h presence
configure:3444: g++ -E  conftest.cc
configure:3450: $? = 0
configure:3470: result: yes
configure:3505: checking for locale.h
configure:3512: result: yes
configure:3541: checking math.h usability
configure:3553: g++ -c -g  conftest.cc >&5
configure:3559: $? = 0
configure:3563: test -z 
			 || test ! -s conftest.err
configure:3566: $? = 0
configure:3569: test -s conftest.o
configure:3572: $? = 0
configure:3582: result: yes
configure:3586: checking math.h presence
configure:3596: g++ -E  conftest.cc
configure:3602: $? = 0
configure:3622: result: yes
configure:3657: checking for math.h
configure:3664: result: yes
configure:3677: checking for library containing cos
configure:3707: g++ -o conftest -g   conftest.cc  >&5
conftest.cc:45:6: warning: declaration of 'char cos()' conflicts with built-in declaration 'double cos(double)' [-Wbuiltin-declaration-mismatch]
   45 | char cos ();
      |      ^~~
configure:3713: $? = 0
configure:3717: test -z 
			 || test ! -s conftest.err
configure:3720: $? = 0
configure:3723: test -s conftest
configure:3726: $? = 0
configure:3796: result: none required
configure:3806: checking whether the compiler implements namespaces
configure:3833: g++ -c -g  conftest.cc >&5
configure:3839: $? = 0
configure:3843: test -z 
			 || test ! -s conftest.err
configure:3846: $? = 0
configure:3849: test -s conftest.o
configure:3852: $? = 0
configure:3870: result: yes
configure:3880: checking whether the compiler supports ISO C++ standard library
configure:3908: g++ -c -g  conftest.cc >&5
configure:3914: $? = 0
configure:3918: test -z 
			 || test ! -s conftest.err
configure:3921: $? = 0
configure:3924: test -s conftest.o
configure:3927: $? = 0
configure:3945: result: yes
configure:3956: checking whether the compiler recognizes bool as a built-in type
configure:3987: g++ -c -g  conftest.cc >&5
configure:3993: $? = 0
configure:3997: test -z 
			 || test ! -s conftest.err
configure:4000: $? = 0
configure:4003: test -s conftest.o
configure:4006: $? = 0
configure:4023: result: yes
configure:4036: checking for VC++ style set_new_handler
configure:4074: g++ -o conftest -g   conftest.cc  >&5
conftest.cc: In function 'int main()':
conftest.cc:55:2: error: '_set_new_handler' was not declared in this scope
   55 |  _set_new_handler(OutOfMemory);
      |  ^~~~~~~~~~~~~~~~
configure:4080: $? = 1
configure: failed program was:
| /* confdefs.h.  */
| 
| #define PACKAGE_NAME "jikes"
| #define PACKAGE_TARNAME "jikes"
| #define PACKAGE_VERSION "1.22"
| #define PACKAGE_STRING "jikes 1.22"
| #define PACKAGE_BUGREPORT ""
| #define PACKAGE "jikes"
| #define VERSION "1.22"
| #define JIKES_VERSION_STRING "Version 1.22 - 3 October 2004"
| #define JIKES_DEBUG 1
| #ifdef __cplusplus
| extern "C" void std::exit (int) throw (); using std::exit;
| #endif
| #define PATH_SEPARATOR ':'
| #define UNIX_FILE_SYSTEM
| #define STDC_HEADERS 1
| #define HAVE_SYS_TYPES_H 1
| #define HAVE_SYS_STAT_H 1
| #define HAVE_STDLIB_H 1
| #define HAVE_STRING_H 1
| #define HAVE_MEMORY_H 1
| #define HAVE_STRINGS_H 1
| #define HAVE_INTTYPES_H 1
| #define HAVE_STDINT_H 1
| #define HAVE_UNISTD_H 1
| #define HAVE_STDIO_H 1
| #define HAVE_ASSERT_H 1
| #define HAVE_ERRNO_H 1
| #define HAVE_LIMITS_H 1
| #define HAVE_CTYPE_H 1
| #define HAVE_TIME_H 1
| #define HAVE_FLOAT_H 1
| #define HAVE_DIRENT_H 1
| #define HAVE_LOCALE_H 1
| #define HAVE_MATH_H 1
| #define HAVE_NAMESPACES 1
| #define HAVE_STD
| #define HAVE_BOOL
| /* end confdefs.h.  */
| 
| #ifdef HAVE_STD
| # include <new>
| # ifdef HAVE_NAMESPACES
|     using namespace std;
| # endif
| #else
| # include <new.h>
| #endif
| int OutOfMemory(size_t) { return 0; }
| 
| int
| main ()
| {
|  _set_new_handler(OutOfMemory);
|   ;
|   return 0;
| }
configure:4112: result: no
configure:4122: checking for standard set_new_handler
configure:4145: g++ -o conftest -g   conftest.cc  >&5
configure:4151: $? = 0
configure:4155: test -z 
			 || test ! -s conftest.err
configure:4158: $? = 0
configure:4161: test -s conftest
configure:4164: $? = 0
configure:4176: result: yes
configure:4188: checking for compiler error on discard of const qualifier
configure:4205: g++ -c -g  conftest.cc >&5
conftest.cc: In function 'const char* const_foo(const char*)':
conftest.cc:43:55: error: invalid conversion from 'const char*' to 'char*' [-fpermissive]
   43 | const char * const_foo(const char * arg) { return foo(arg); }
      |                                                       ^~~
      |                                                       |
      |                                                       const char*
conftest.cc:42:19: note:   initializing argument 1 of 'char* foo(char*)'
   42 | char * foo(char * arg) { return arg; }
      |            ~~~~~~~^~~
configure:4211: $? = 1
configure: failed program was:
| /* confdefs.h.  */
| 
| #define PACKAGE_NAME "jikes"
| #define PACKAGE_TARNAME "jikes"
| #define PACKAGE_VERSION "1.22"
| #define PACKAGE_STRING "jikes 1.22"
| #define PACKAGE_BUGREPORT ""
| #define PACKAGE "jikes"
| #define VERSION "1.22"
| #define JIKES_VERSION_STRING "Version 1.22 - 3 October 2004"
| #define JIKES_DEBUG 1
| #ifdef __cplusplus
| extern "C" void std::exit (int) throw (); using std::exit;
| #endif
| #define PATH_SEPARATOR ':'
| #define UNIX_FILE_SYSTEM
| #define STDC_HEADERS 1
| #define HAVE_SYS_TYPES_H 1
| #define HAVE_SYS_STAT_H 1
| #define HAVE_STDLIB_H 1
| #define HAVE_STRING_H 1
| #define HAVE_MEMORY_H 1
| #define HAVE_STRINGS_H 1
| #define HAVE_INTTYPES_H 1
| #define HAVE_STDINT_H 1
| #define HAVE_UNISTD_H 1
| #define HAVE_STDIO_H 1
| #define HAVE_ASSERT_H 1
| #define HAVE_ERRNO_H 1
| #define HAVE_LIMITS_H 1
| #define HAVE_CTYPE_H 1
| #define HAVE_TIME_H 1
| #define HAVE_FLOAT_H 1
| #define HAVE_DIRENT_H 1
| #define HAVE_LOCALE_H 1
| #define HAVE_MATH_H 1
| #define HAVE_NAMESPACES 1
| #define HAVE_STD
| #define HAVE_BOOL
| /* end confdefs.h.  */
| 
| char * foo(char * arg) { return arg; }
| const char * const_foo(const char * arg) { return foo(arg); }
| 
configure:4236: result: yes
configure:4263: checking wchar.h usability
configure:4275: g++ -c -g  conftest.cc >&5
configure:4281: $? = 0
configure:4285: test -z 
			 || test ! -s conftest.err
configure:4288: $? = 0
configure:4291: test -s conftest.o
configure:4294: $? = 0
configure:4304: result: yes
configure:4308: checking wchar.h presence
configure:4318: g++ -E  conftest.cc
configure:4324: $? = 0
configure:4344: result: yes
configure:4379: checking for wchar.h
configure:4386: result: yes
configure:4254: checking for string.h
configure:4259: result: yes
configure:4254: checking for strings.h
configure:4259: result: yes
configure:4254: checking for memory.h
configure:4259: result: yes
configure:4409: checking for wcslen
configure:4466: g++ -o conftest -g   conftest.cc  >&5
configure:4472: $? = 0
configure:4476: test -z 
			 || test ! -s conftest.err
configure:4479: $? = 0
configure:4482: test -s conftest
configure:4485: $? = 0
configure:4497: result: yes
configure:4409: checking for wcscpy
configure:4466: g++ -o conftest -g   conftest.cc  >&5
configure:4472: $? = 0
configure:4476: test -z 
			 || test ! -s conftest.err
configure:4479: $? = 0
configure:4482: test -s conftest
configure:4485: $? = 0
configure:4497: result: yes
configure:4409: checking for wcsncpy
configure:4466: g++ -o conftest -g   conftest.cc  >&5
configure:4472: $? = 0
configure:4476: test -z 
			 || test ! -s conftest.err
configure:4479: $? = 0
configure:4482: test -s conftest
configure:4485: $? = 0
configure:4497: result: yes
configure:4409: checking for wcscat
configure:4466: g++ -o conftest -g   conftest.cc  >&5
configure:4472: $? = 0
configure:4476: test -z 
			 || test ! -s conftest.err
configure:4479: $? = 0
configure:4482: test -s conftest
configure:4485: $? = 0
configure:4497: result: yes
configure:4409: checking for wcscmp
configure:4466: g++ -o conftest -g   conftest.cc  >&5
configure:4472: $? = 0
configure:4476: test -z 
			 || test ! -s conftest.err
configure:4479: $? = 0
configure:4482: test -s conftest
configure:4485: $? = 0
configure:4497: result: yes
configure:4409: checking for wcsncmp
configure:4466: g++ -o conftest -g   conftest.cc  >&5
configure:4472: $? = 0
configure:4476: test -z 
			 || test ! -s conftest.err
configure:4479: $? = 0
configure:4482: test -s conftest
configure:4485: $? = 0
configure:4497: result: yes
configure:4526: checking for wint_t
configure:4551: g++ -c -g  conftest.cc >&5
configure:4557: $? = 0
configure:4561: test -z 
			 || test ! -s conftest.err
configure:4564: $? = 0
configure:4567: test -s conftest.o
configure:4570: $? = 0
configure:4581: result: yes
configure:4598: checking call wcslen
configure:4619: g++ -c -g  conftest.cc >&5
configure:4625: $? = 0
configure:4629: test -z 
			 || test ! -s conftest.err
configure:4632: $? = 0
configure:4635: test -s conftest.o
configure:4638: $? = 0
configure:4650: result: yes
configure:4654: checking for error calling wcslen with const argument
configure:4678: g++ -c -g  conftest.cc >&5
configure:4684: $? = 0
configure:4688: test -z 
			 || test ! -s conftest.err
configure:4691: $? = 0
configure:4694: test -s conftest.o
configure:4697: $? = 0
configure:4709: result: no
configure:4788: checking for presence of ostream << const unsigned char *
configure:4810: g++ -c -g  conftest.cc >&5
configure:4816: $? = 0
configure:4820: test -z 
			 || test ! -s conftest.err
configure:4823: $? = 0
configure:4826: test -s conftest.o
configure:4829: $? = 0
configure:4841: result: yes
configure:4921: checking iconv.h usability
configure:4933: g++ -c -g  conftest.cc >&5
configure:4939: $? = 0
configure:4943: test -z 
			 || test ! -s conftest.err
configure:4946: $? = 0
configure:4949: test -s conftest.o
configure:4952: $? = 0
configure:4962: result: yes
configure:4966: checking iconv.h presence
configure:4976: g++ -E  conftest.cc
configure:4982: $? = 0
configure:5002: result: yes
configure:5037: checking for iconv.h
configure:5044: result: yes
configure:5059: checking for library containing iconv
configure:5089: g++ -o conftest -g   conftest.cc  >&5
configure:5095: $? = 0
configure:5099: test -z 
			 || test ! -s conftest.err
configure:5102: $? = 0
configure:5105: test -s conftest
configure:5108: $? = 0
configure:5178: result: none required
configure:5186: checking for library containing libiconv_open
configure:5216: g++ -o conftest -g   conftest.cc  >&5
/usr/bin/ld: /tmp/ccWHxfxQ.o: in function `main':
/mnt/c/Code/pinottest/pinot/conftest.cc:66: undefined reference to `libiconv_open'
collect2: error: ld returned 1 exit status
configure:5222: $? = 1
configure: failed program was:
| /* confdefs.h.  */
| 
| #define PACKAGE_NAME "jikes"
| #define PACKAGE_TARNAME "jikes"
| #define PACKAGE_VERSION "1.22"
| #define PACKAGE_STRING "jikes 1.22"
| #define PACKAGE_BUGREPORT ""
| #define PACKAGE "jikes"
| #define VERSION "1.22"
| #define JIKES_VERSION_STRING "Version 1.22 - 3 October 2004"
| #define JIKES_DEBUG 1
| #ifdef __cplusplus
| extern "C" void std::exit (int) throw (); using std::exit;
| #endif
| #define PATH_SEPARATOR ':'
| #define UNIX_FILE_SYSTEM
| #define STDC_HEADERS 1
| #define HAVE_SYS_TYPES_H 1
| #define HAVE_SYS_STAT_H 1
| #define HAVE_STDLIB_H 1
| #define HAVE_STRING_H 1
| #define HAVE_MEMORY_H 1
| #define HAVE_STRINGS_H 1
| #define HAVE_INTTYPES_H 1
| #define HAVE_STDINT_H 1
| #define HAVE_UNISTD_H 1
| #define HAVE_STDIO_H 1
| #define HAVE_ASSERT_H 1
| #define HAVE_ERRNO_H 1
| #define HAVE_LIMITS_H 1
| #define HAVE_CTYPE_H 1
| #define HAVE_TIME_H 1
| #define HAVE_FLOAT_H 1
| #define HAVE_DIRENT_H 1
| #define HAVE_LOCALE_H 1
| #define HAVE_MATH_H 1
| #define HAVE_NAMESPACES 1
| #define HAVE_STD
| #define HAVE_BOOL
| #define HAVE_ERROR_DISCARD_CONST
| #define HAVE_WCHAR_H 1
| #define HAVE_STRING_H 1
| #define HAVE_STRINGS_H 1
| #define HAVE_MEMORY_H 1
| #define HAVE_WCSLEN 1
| #define HAVE_WCSCPY 1
| #define HAVE_WCSNCPY 1
| #define HAVE_WCSCAT 1
| #define HAVE_WCSCMP 1
| #define HAVE_WCSNCMP 1
| #define HAVE_WINT_T 1
| #define HAVE_OSTREAM_CONST_UNSIGNED_CHAR_PTR
| #define HAVE_ICONV_H 1
| /* end confdefs.h.  */
| 
| /* Override any gcc2 internal prototype to avoid an error.  */
| #ifdef __cplusplus
| extern "C"
| #endif
| /* We use char because int might match the return type of a gcc2
|    builtin and then its argument prototype would still apply.  */
| char libiconv_open ();
| int
| main ()
| {
| libiconv_open ();
|   ;
|   return 0;
| }
configure:5271: g++ -o conftest -g   conftest.cc -liconv   >&5
/usr/bin/ld: cannot find -liconv
collect2: error: ld returned 1 exit status
configure:5277: $? = 1
configure: failed program was:
| /* confdefs.h.  */
| 
| #define PACKAGE_NAME "jikes"
| #define PACKAGE_TARNAME "jikes"
| #define PACKAGE_VERSION "1.22"
| #define PACKAGE_STRING "jikes 1.22"
| #define PACKAGE_BUGREPORT ""
| #define PACKAGE "jikes"
| #define VERSION "1.22"
| #define JIKES_VERSION_STRING "Version 1.22 - 3 October 2004"
| #define JIKES_DEBUG 1
| #ifdef __cplusplus
| extern "C" void std::exit (int) throw (); using std::exit;
| #endif
| #define PATH_SEPARATOR ':'
| #define UNIX_FILE_SYSTEM
| #define STDC_HEADERS 1
| #define HAVE_SYS_TYPES_H 1
| #define HAVE_SYS_STAT_H 1
| #define HAVE_STDLIB_H 1
| #define HAVE_STRING_H 1
| #define HAVE_MEMORY_H 1
| #define HAVE_STRINGS_H 1
| #define HAVE_INTTYPES_H 1
| #define HAVE_STDINT_H 1
| #define HAVE_UNISTD_H 1
| #define HAVE_STDIO_H 1
| #define HAVE_ASSERT_H 1
| #define HAVE_ERRNO_H 1
| #define HAVE_LIMITS_H 1
| #define HAVE_CTYPE_H 1
| #define HAVE_TIME_H 1
| #define HAVE_FLOAT_H 1
| #define HAVE_DIRENT_H 1
| #define HAVE_LOCALE_H 1
| #define HAVE_MATH_H 1
| #define HAVE_NAMESPACES 1
| #define HAVE_STD
| #define HAVE_BOOL
| #define HAVE_ERROR_DISCARD_CONST
| #define HAVE_WCHAR_H 1
| #define HAVE_STRING_H 1
| #define HAVE_STRINGS_H 1
| #define HAVE_MEMORY_H 1
| #define HAVE_WCSLEN 1
| #define HAVE_WCSCPY 1
| #define HAVE_WCSNCPY 1
| #define HAVE_WCSCAT 1
| #define HAVE_WCSCMP 1
| #define HAVE_WCSNCMP 1
| #define HAVE_WINT_T 1
| #define HAVE_OSTREAM_CONST_UNSIGNED_CHAR_PTR
| #define HAVE_ICONV_H 1
| /* end confdefs.h.  */
| 
| /* Override any gcc2 internal prototype to avoid an error.  */
| #ifdef __cplusplus
| extern "C"
| #endif
| /* We use char because int might match the return type of a gcc2
|    builtin and then its argument prototype would still apply.  */
| char libiconv_open ();
| int
| main ()
| {
| libiconv_open ();
|   ;
|   return 0;
| }
configure:5305: result: no
configure:5331: checking simple call to iconv
configure:5353: g++ -c -g  conftest.cc >&5
configure:5359: $? = 0
configure:5363: test -z 
			 || test ! -s conftest.err
configure:5366: $? = 0
configure:5369: test -s conftest.o
configure:5372: $? = 0
configure:5384: result: yes
configure:5387: checking for error calling iconv with const 2nd argument
configure:5411: g++ -c -g  conftest.cc >&5
conftest.cc: In function 'int main()':
conftest.cc:77:10: error: invalid conversion from 'const char**' to 'char**' [-fpermissive]
   77 | iconv(0, s, NULL, NULL, NULL);
      |          ^
      |          |
      |          const char**
In file included from conftest.cc:70:
/usr/include/iconv.h:42:54: note:   initializing argument 2 of 'size_t iconv(iconv_t, char**, size_t*, char**, size_t*)'
   42 | extern size_t iconv (iconv_t __cd, char **__restrict __inbuf,
      |                                    ~~~~~~~~~~~~~~~~~~^~~~~~~
configure:5417: $? = 1
configure: failed program was:
| /* confdefs.h.  */
| 
| #define PACKAGE_NAME "jikes"
| #define PACKAGE_TARNAME "jikes"
| #define PACKAGE_VERSION "1.22"
| #define PACKAGE_STRING "jikes 1.22"
| #define PACKAGE_BUGREPORT ""
| #define PACKAGE "jikes"
| #define VERSION "1.22"
| #define JIKES_VERSION_STRING "Version 1.22 - 3 October 2004"
| #define JIKES_DEBUG 1
| #ifdef __cplusplus
| extern "C" void std::exit (int) throw (); using std::exit;
| #endif
| #define PATH_SEPARATOR ':'
| #define UNIX_FILE_SYSTEM
| #define STDC_HEADERS 1
| #define HAVE_SYS_TYPES_H 1
| #define HAVE_SYS_STAT_H 1
| #define HAVE_STDLIB_H 1
| #define HAVE_STRING_H 1
| #define HAVE_MEMORY_H 1
| #define HAVE_STRINGS_H 1
| #define HAVE_INTTYPES_H 1
| #define HAVE_STDINT_H 1
| #define HAVE_UNISTD_H 1
| #define HAVE_STDIO_H 1
| #define HAVE_ASSERT_H 1
| #define HAVE_ERRNO_H 1
| #define HAVE_LIMITS_H 1
| #define HAVE_CTYPE_H 1
| #define HAVE_TIME_H 1
| #define HAVE_FLOAT_H 1
| #define HAVE_DIRENT_H 1
| #define HAVE_LOCALE_H 1
| #define HAVE_MATH_H 1
| #define HAVE_NAMESPACES 1
| #define HAVE_STD
| #define HAVE_BOOL
| #define HAVE_ERROR_DISCARD_CONST
| #define HAVE_WCHAR_H 1
| #define HAVE_STRING_H 1
| #define HAVE_STRINGS_H 1
| #define HAVE_MEMORY_H 1
| #define HAVE_WCSLEN 1
| #define HAVE_WCSCPY 1
| #define HAVE_WCSNCPY 1
| #define HAVE_WCSCAT 1
| #define HAVE_WCSCMP 1
| #define HAVE_WCSNCMP 1
| #define HAVE_WINT_T 1
| #define HAVE_OSTREAM_CONST_UNSIGNED_CHAR_PTR
| #define HAVE_ICONV_H 1
| /* end confdefs.h.  */
| 
| #ifdef HAVE_STRING_H
| # if !STDC_HEADERS && HAVE_MEMORY_H
| #  include <memory.h>
| # endif
| # include <string.h>
| #else
| # ifdef HAVE_STRINGS_H
| #  include <strings.h>
| # endif
| #endif
| #ifdef HAVE_WCHAR_H
| # include <wchar.h>
| #endif
| #ifdef HAVE_ICONV_H
| # include <iconv.h>
| #endif
| int
| main ()
| {
| 
| const char ** s = NULL;
| iconv(0, s, NULL, NULL, NULL);
| 
|   ;
|   return 0;
| }
configure:5442: result: yes
configure:5452: checking fix for calling iconv with non const argument
configure:5480: g++ -c -g  conftest.cc >&5
configure:5486: $? = 0
configure:5490: test -z 
			 || test ! -s conftest.err
configure:5493: $? = 0
configure:5496: test -s conftest.o
configure:5499: $? = 0
configure:5513: result: yes
configure:5518: checking for wchar_t
configure:5542: g++ -c -g  conftest.cc >&5
configure:5548: $? = 0
configure:5552: test -z 
			 || test ! -s conftest.err
configure:5555: $? = 0
configure:5558: test -s conftest.o
configure:5561: $? = 0
configure:5572: result: yes
configure:5575: checking size of wchar_t
configure:5894: g++ -o conftest -g   conftest.cc  >&5
configure:5897: $? = 0
configure:5899: ./conftest
configure:5902: $? = 0
configure:5925: result: 4
configure:5961: checking wchar_t as an encoding
configure:6044: g++ -o conftest -g   conftest.cc  >&5
configure:6047: $? = 0
configure:6049: ./conftest
configure:6052: $? = 0
configure:6055: result: wchar_t
configure:6233: checking for u_getVersion in -licu-uc
configure:6263: g++ -o conftest -g   conftest.cc -licu-uc   >&5
/usr/bin/ld: cannot find -licu-uc
collect2: error: ld returned 1 exit status
configure:6269: $? = 1
configure: failed program was:
| /* confdefs.h.  */
| 
| #define PACKAGE_NAME "jikes"
| #define PACKAGE_TARNAME "jikes"
| #define PACKAGE_VERSION "1.22"
| #define PACKAGE_STRING "jikes 1.22"
| #define PACKAGE_BUGREPORT ""
| #define PACKAGE "jikes"
| #define VERSION "1.22"
| #define JIKES_VERSION_STRING "Version 1.22 - 3 October 2004"
| #define JIKES_DEBUG 1
| #ifdef __cplusplus
| extern "C" void std::exit (int) throw (); using std::exit;
| #endif
| #define PATH_SEPARATOR ':'
| #define UNIX_FILE_SYSTEM
| #define STDC_HEADERS 1
| #define HAVE_SYS_TYPES_H 1
| #define HAVE_SYS_STAT_H 1
| #define HAVE_STDLIB_H 1
| #define HAVE_STRING_H 1
| #define HAVE_MEMORY_H 1
| #define HAVE_STRINGS_H 1
| #define HAVE_INTTYPES_H 1
| #define HAVE_STDINT_H 1
| #define HAVE_UNISTD_H 1
| #define HAVE_STDIO_H 1
| #define HAVE_ASSERT_H 1
| #define HAVE_ERRNO_H 1
| #define HAVE_LIMITS_H 1
| #define HAVE_CTYPE_H 1
| #define HAVE_TIME_H 1
| #define HAVE_FLOAT_H 1
| #define HAVE_DIRENT_H 1
| #define HAVE_LOCALE_H 1
| #define HAVE_MATH_H 1
| #define HAVE_NAMESPACES 1
| #define HAVE_STD
| #define HAVE_BOOL
| #define HAVE_ERROR_DISCARD_CONST
| #define HAVE_WCHAR_H 1
| #define HAVE_STRING_H 1
| #define HAVE_STRINGS_H 1
| #define HAVE_MEMORY_H 1
| #define HAVE_WCSLEN 1
| #define HAVE_WCSCPY 1
| #define HAVE_WCSNCPY 1
| #define HAVE_WCSCAT 1
| #define HAVE_WCSCMP 1
| #define HAVE_WCSNCMP 1
| #define HAVE_WINT_T 1
| #define HAVE_OSTREAM_CONST_UNSIGNED_CHAR_PTR
| #define HAVE_ICONV_H 1
| #define HAVE_ERROR_CALL_ICONV_CONST
| #define SIZEOF_WCHAR_T 4
| #define JIKES_ICONV_ENCODING "wchar_t"
| /* end confdefs.h.  */
| 
| /* Override any gcc2 internal prototype to avoid an error.  */
| #ifdef __cplusplus
| extern "C"
| #endif
| /* We use char because int might match the return type of a gcc2
|    builtin and then its argument prototype would still apply.  */
| char u_getVersion ();
| int
| main ()
| {
| u_getVersion ();
|   ;
|   return 0;
| }
configure:6295: result: no
configure:6321: checking for cygwin_win32_to_posix_path_list
configure:6378: g++ -o conftest -g   conftest.cc  >&5
/usr/bin/ld: /tmp/cc7KgG1B.o: in function `main':
/mnt/c/Code/pinottest/pinot/conftest.cc:99: undefined reference to `cygwin_win32_to_posix_path_list'
/usr/bin/ld: /tmp/cc7KgG1B.o:/mnt/c/Code/pinottest/pinot/conftest.cc:90: undefined reference to `cygwin_win32_to_posix_path_list'
collect2: error: ld returned 1 exit status
configure:6384: $? = 1
configure: failed program was:
| /* confdefs.h.  */
| 
| #define PACKAGE_NAME "jikes"
| #define PACKAGE_TARNAME "jikes"
| #define PACKAGE_VERSION "1.22"
| #define PACKAGE_STRING "jikes 1.22"
| #define PACKAGE_BUGREPORT ""
| #define PACKAGE "jikes"
| #define VERSION "1.22"
| #define JIKES_VERSION_STRING "Version 1.22 - 3 October 2004"
| #define JIKES_DEBUG 1
| #ifdef __cplusplus
| extern "C" void std::exit (int) throw (); using std::exit;
| #endif
| #define PATH_SEPARATOR ':'
| #define UNIX_FILE_SYSTEM
| #define STDC_HEADERS 1
| #define HAVE_SYS_TYPES_H 1
| #define HAVE_SYS_STAT_H 1
| #define HAVE_STDLIB_H 1
| #define HAVE_STRING_H 1
| #define HAVE_MEMORY_H 1
| #define HAVE_STRINGS_H 1
| #define HAVE_INTTYPES_H 1
| #define HAVE_STDINT_H 1
| #define HAVE_UNISTD_H 1
| #define HAVE_STDIO_H 1
| #define HAVE_ASSERT_H 1
| #define HAVE_ERRNO_H 1
| #define HAVE_LIMITS_H 1
| #define HAVE_CTYPE_H 1
| #define HAVE_TIME_H 1
| #define HAVE_FLOAT_H 1
| #define HAVE_DIRENT_H 1
| #define HAVE_LOCALE_H 1
| #define HAVE_MATH_H 1
| #define HAVE_NAMESPACES 1
| #define HAVE_STD
| #define HAVE_BOOL
| #define HAVE_ERROR_DISCARD_CONST
| #define HAVE_WCHAR_H 1
| #define HAVE_STRING_H 1
| #define HAVE_STRINGS_H 1
| #define HAVE_MEMORY_H 1
| #define HAVE_WCSLEN 1
| #define HAVE_WCSCPY 1
| #define HAVE_WCSNCPY 1
| #define HAVE_WCSCAT 1
| #define HAVE_WCSCMP 1
| #define HAVE_WCSNCMP 1
| #define HAVE_WINT_T 1
| #define HAVE_OSTREAM_CONST_UNSIGNED_CHAR_PTR
| #define HAVE_ICONV_H 1
| #define HAVE_ERROR_CALL_ICONV_CONST
| #define SIZEOF_WCHAR_T 4
| #define JIKES_ICONV_ENCODING "wchar_t"
| #define HAVE_ENCODING 1
| /* end confdefs.h.  */
| /* Define cygwin_win32_to_posix_path_list to an innocuous variant, in case <limits.h> declares cygwin_win32_to_posix_path_list.
|    For example, HP-UX 11i <limits.h> declares gettimeofday.  */
| #define cygwin_win32_to_posix_path_list innocuous_cygwin_win32_to_posix_path_list
| 
| /* System header to define __stub macros and hopefully few prototypes,
|     which can conflict with char cygwin_win32_to_posix_path_list (); below.
|     Prefer <limits.h> to <assert.h> if __STDC__ is defined, since
|     <limits.h> exists even on freestanding compilers.  */
| 
| #ifdef __STDC__
| # include <limits.h>
| #else
| # include <assert.h>
| #endif
| 
| #undef cygwin_win32_to_posix_path_list
| 
| /* Override any gcc2 internal prototype to avoid an error.  */
| #ifdef __cplusplus
| extern "C"
| {
| #endif
| /* We use char because int might match the return type of a gcc2
|    builtin and then its argument prototype would still apply.  */
| char cygwin_win32_to_posix_path_list ();
| /* The GNU C library defines this for functions which it implements
|     to always fail with ENOSYS.  Some functions are actually named
|     something starting with __ and the normal name is an alias.  */
| #if defined (__stub_cygwin_win32_to_posix_path_list) || defined (__stub___cygwin_win32_to_posix_path_list)
| choke me
| #else
| char (*f) () = cygwin_win32_to_posix_path_list;
| #endif
| #ifdef __cplusplus
| }
| #endif
| 
| int
| main ()
| {
| return f != cygwin_win32_to_posix_path_list;
|   ;
|   return 0;
| }
configure:6409: result: no
configure:6461: checking for strip
configure:6477: found /usr/bin/strip
configure:6488: result: strip
configure:6501: checking whether the compiler supports member constants
configure:6528: g++ -c -g  conftest.cc >&5
configure:6534: $? = 0
configure:6538: test -z 
			 || test ! -s conftest.err
configure:6541: $? = 0
configure:6544: test -s conftest.o
configure:6547: $? = 0
configure:6565: result: yes
configure:6576: checking whether the compiler supports the explicit keyword
configure:6603: g++ -c -g  conftest.cc >&5
configure:6609: $? = 0
configure:6613: test -z 
			 || test ! -s conftest.err
configure:6616: $? = 0
configure:6619: test -s conftest.o
configure:6622: $? = 0
configure:6640: result: yes
configure:6651: checking whether the compiler supports Run-Time Type Identification
configure:6690: g++ -c -g  conftest.cc >&5
configure:6696: $? = 0
configure:6700: test -z 
			 || test ! -s conftest.err
configure:6703: $? = 0
configure:6706: test -s conftest.o
configure:6709: $? = 0
configure:6727: result: yes
configure:6738: checking whether the compiler supports const_cast<>
configure:6765: g++ -c -g  conftest.cc >&5
configure:6771: $? = 0
configure:6775: test -z 
			 || test ! -s conftest.err
configure:6778: $? = 0
configure:6781: test -s conftest.o
configure:6784: $? = 0
configure:6802: result: yes
configure:6812: checking whether the compiler supports dynamic_cast<>
configure:6841: g++ -c -g  conftest.cc >&5
configure:6847: $? = 0
configure:6851: test -z 
			 || test ! -s conftest.err
configure:6854: $? = 0
configure:6857: test -s conftest.o
configure:6860: $? = 0
configure:6878: result: yes
configure:6888: checking whether the compiler supports reinterpret_cast<>
configure:6921: g++ -c -g  conftest.cc >&5
configure:6927: $? = 0
configure:6931: test -z 
			 || test ! -s conftest.err
configure:6934: $? = 0
configure:6937: test -s conftest.o
configure:6940: $? = 0
configure:6958: result: yes
configure:6968: checking whether the compiler supports static_cast<>
configure:7000: g++ -c -g  conftest.cc >&5
configure:7006: $? = 0
configure:7010: test -z 
			 || test ! -s conftest.err
configure:7013: $? = 0
configure:7016: test -s conftest.o
configure:7019: $? = 0
configure:7037: result: yes
configure:7057: checking for floating point support
configure:7062: result: emulated
configure:7077: checking for int8_t
configure:7101: g++ -c -g  conftest.cc >&5
configure:7107: $? = 0
configure:7111: test -z 
			 || test ! -s conftest.err
configure:7114: $? = 0
configure:7117: test -s conftest.o
configure:7120: $? = 0
configure:7131: result: yes
configure:8424: checking for uint8_t
configure:8448: g++ -c -g  conftest.cc >&5
configure:8454: $? = 0
configure:8458: test -z 
			 || test ! -s conftest.err
configure:8461: $? = 0
configure:8464: test -s conftest.o
configure:8467: $? = 0
configure:8478: result: yes
configure:10193: checking for int16_t
configure:10217: g++ -c -g  conftest.cc >&5
configure:10223: $? = 0
configure:10227: test -z 
			 || test ! -s conftest.err
configure:10230: $? = 0
configure:10233: test -s conftest.o
configure:10236: $? = 0
configure:10247: result: yes
configure:12384: checking for uint16_t
configure:12408: g++ -c -g  conftest.cc >&5
configure:12414: $? = 0
configure:12418: test -z 
			 || test ! -s conftest.err
configure:12421: $? = 0
configure:12424: test -s conftest.o
configure:12427: $? = 0
configure:12438: result: yes
configure:14153: checking for int32_t
configure:14177: g++ -c -g  conftest.cc >&5
configure:14183: $? = 0
configure:14187: test -z 
			 || test ! -s conftest.err
configure:14190: $? = 0
configure:14193: test -s conftest.o
configure:14196: $? = 0
configure:14207: result: yes
configure:16344: checking for uint32_t
configure:16368: g++ -c -g  conftest.cc >&5
configure:16374: $? = 0
configure:16378: test -z 
			 || test ! -s conftest.err
configure:16381: $? = 0
configure:16384: test -s conftest.o
configure:16387: $? = 0
configure:16398: result: yes
configure:18113: checking for int64_t
configure:18137: g++ -c -g  conftest.cc >&5
configure:18143: $? = 0
configure:18147: test -z 
			 || test ! -s conftest.err
configure:18150: $? = 0
configure:18153: test -s conftest.o
configure:18156: $? = 0
configure:18167: result: yes
configure:19882: checking for uint64_t
configure:19906: g++ -c -g  conftest.cc >&5
configure:19912: $? = 0
configure:19916: test -z 
			 || test ! -s conftest.err
configure:19919: $? = 0
configure:19922: test -s conftest.o
configure:19925: $? = 0
configure:19936: result: yes
configure:21650: checking whether int32_t and int are equivalent types
configure:21681: g++ -c -g  conftest.cc >&5
configure:21687: $? = 0
configure:21691: test -z 
			 || test ! -s conftest.err
configure:21694: $? = 0
configure:21697: test -s conftest.o
configure:21700: $? = 0
configure:21717: result: yes
configure:21970: checking for __S_IFDIR symbol
configure:21993: g++ -c -g  conftest.cc >&5
configure:21999: $? = 0
configure:22003: test -z 
			 || test ! -s conftest.err
configure:22006: $? = 0
configure:22009: test -s conftest.o
configure:22012: $? = 0
configure:22023: result: yes
configure:22026: checking for _S_IFDIR symbol
configure:22049: g++ -c -g  conftest.cc >&5
conftest.cc: In function 'int main()':
conftest.cc:74:9: error: '_S_IFDIR' was not declared in this scope; did you mean 'S_IFDIR'?
   74 | int i = _S_IFDIR; i++;
      |         ^~~~~~~~
      |         S_IFDIR
configure:22055: $? = 1
configure: failed program was:
| /* confdefs.h.  */
| 
| #define PACKAGE_NAME "jikes"
| #define PACKAGE_TARNAME "jikes"
| #define PACKAGE_VERSION "1.22"
| #define PACKAGE_STRING "jikes 1.22"
| #define PACKAGE_BUGREPORT ""
| #define PACKAGE "jikes"
| #define VERSION "1.22"
| #define JIKES_VERSION_STRING "Version 1.22 - 3 October 2004"
| #define JIKES_DEBUG 1
| #ifdef __cplusplus
| extern "C" void std::exit (int) throw (); using std::exit;
| #endif
| #define PATH_SEPARATOR ':'
| #define UNIX_FILE_SYSTEM
| #define STDC_HEADERS 1
| #define HAVE_SYS_TYPES_H 1
| #define HAVE_SYS_STAT_H 1
| #define HAVE_STDLIB_H 1
| #define HAVE_STRING_H 1
| #define HAVE_MEMORY_H 1
| #define HAVE_STRINGS_H 1
| #define HAVE_INTTYPES_H 1
| #define HAVE_STDINT_H 1
| #define HAVE_UNISTD_H 1
| #define HAVE_STDIO_H 1
| #define HAVE_ASSERT_H 1
| #define HAVE_ERRNO_H 1
| #define HAVE_LIMITS_H 1
| #define HAVE_CTYPE_H 1
| #define HAVE_TIME_H 1
| #define HAVE_FLOAT_H 1
| #define HAVE_DIRENT_H 1
| #define HAVE_LOCALE_H 1
| #define HAVE_MATH_H 1
| #define HAVE_NAMESPACES 1
| #define HAVE_STD
| #define HAVE_BOOL
| #define HAVE_ERROR_DISCARD_CONST
| #define HAVE_WCHAR_H 1
| #define HAVE_STRING_H 1
| #define HAVE_STRINGS_H 1
| #define HAVE_MEMORY_H 1
| #define HAVE_WCSLEN 1
| #define HAVE_WCSCPY 1
| #define HAVE_WCSNCPY 1
| #define HAVE_WCSCAT 1
| #define HAVE_WCSCMP 1
| #define HAVE_WCSNCMP 1
| #define HAVE_WINT_T 1
| #define HAVE_OSTREAM_CONST_UNSIGNED_CHAR_PTR
| #define HAVE_ICONV_H 1
| #define HAVE_ERROR_CALL_ICONV_CONST
| #define SIZEOF_WCHAR_T 4
| #define JIKES_ICONV_ENCODING "wchar_t"
| #define HAVE_ENCODING 1
| #define HAVE_MEMBER_CONSTANTS
| #define HAVE_EXPLICIT
| #define HAVE_RTTI
| #define HAVE_CONST_CAST
| #define HAVE_DYNAMIC_CAST
| #define HAVE_REINTERPRET_CAST
| #define HAVE_STATIC_CAST
| #define TYPE_INT32_T_IS_INT 1
| #define HAVE_64BIT_TYPES 1
| /* end confdefs.h.  */
| 
| #include <sys/stat.h>
| 
| int
| main ()
| {
| int i = _S_IFDIR; i++;
|   ;
|   return 0;
| }
configure:22079: result: no
configure:22082: checking for S_IFDIR symbol
configure:22105: g++ -c -g  conftest.cc >&5
configure:22111: $? = 0
configure:22115: test -z 
			 || test ! -s conftest.err
configure:22118: $? = 0
configure:22121: test -s conftest.o
configure:22124: $? = 0
configure:22135: result: yes
configure:22169: checking for mkdir
configure:22226: g++ -o conftest -g   conftest.cc  >&5
configure:22232: $? = 0
configure:22236: test -z 
			 || test ! -s conftest.err
configure:22239: $? = 0
configure:22242: test -s conftest
configure:22245: $? = 0
configure:22257: result: yes
configure:22272: checking for mac style mkdir
configure:22297: g++ -o conftest -g   conftest.cc  >&5
conftest.cc:72:10: fatal error: stat.mac.h: No such file or directory
   72 | #include <stat.mac.h>
      |          ^~~~~~~~~~~~
compilation terminated.
configure:22303: $? = 1
configure: failed program was:
| /* confdefs.h.  */
| 
| #define PACKAGE_NAME "jikes"
| #define PACKAGE_TARNAME "jikes"
| #define PACKAGE_VERSION "1.22"
| #define PACKAGE_STRING "jikes 1.22"
| #define PACKAGE_BUGREPORT ""
| #define PACKAGE "jikes"
| #define VERSION "1.22"
| #define JIKES_VERSION_STRING "Version 1.22 - 3 October 2004"
| #define JIKES_DEBUG 1
| #ifdef __cplusplus
| extern "C" void std::exit (int) throw (); using std::exit;
| #endif
| #define PATH_SEPARATOR ':'
| #define UNIX_FILE_SYSTEM
| #define STDC_HEADERS 1
| #define HAVE_SYS_TYPES_H 1
| #define HAVE_SYS_STAT_H 1
| #define HAVE_STDLIB_H 1
| #define HAVE_STRING_H 1
| #define HAVE_MEMORY_H 1
| #define HAVE_STRINGS_H 1
| #define HAVE_INTTYPES_H 1
| #define HAVE_STDINT_H 1
| #define HAVE_UNISTD_H 1
| #define HAVE_STDIO_H 1
| #define HAVE_ASSERT_H 1
| #define HAVE_ERRNO_H 1
| #define HAVE_LIMITS_H 1
| #define HAVE_CTYPE_H 1
| #define HAVE_TIME_H 1
| #define HAVE_FLOAT_H 1
| #define HAVE_DIRENT_H 1
| #define HAVE_LOCALE_H 1
| #define HAVE_MATH_H 1
| #define HAVE_NAMESPACES 1
| #define HAVE_STD
| #define HAVE_BOOL
| #define HAVE_ERROR_DISCARD_CONST
| #define HAVE_WCHAR_H 1
| #define HAVE_STRING_H 1
| #define HAVE_STRINGS_H 1
| #define HAVE_MEMORY_H 1
| #define HAVE_WCSLEN 1
| #define HAVE_WCSCPY 1
| #define HAVE_WCSNCPY 1
| #define HAVE_WCSCAT 1
| #define HAVE_WCSCMP 1
| #define HAVE_WCSNCMP 1
| #define HAVE_WINT_T 1
| #define HAVE_OSTREAM_CONST_UNSIGNED_CHAR_PTR
| #define HAVE_ICONV_H 1
| #define HAVE_ERROR_CALL_ICONV_CONST
| #define SIZEOF_WCHAR_T 4
| #define JIKES_ICONV_ENCODING "wchar_t"
| #define HAVE_ENCODING 1
| #define HAVE_MEMBER_CONSTANTS
| #define HAVE_EXPLICIT
| #define HAVE_RTTI
| #define HAVE_CONST_CAST
| #define HAVE_DYNAMIC_CAST
| #define HAVE_REINTERPRET_CAST
| #define HAVE_STATIC_CAST
| #define TYPE_INT32_T_IS_INT 1
| #define HAVE_64BIT_TYPES 1
| #define JIKES_STAT_S_IFDIR __S_IFDIR
| #define HAVE_MKDIR 1
| /* end confdefs.h.  */
| 
| #include <sys/stat.h>
| #include <stat.mac.h>
| 
| int
| main ()
| {
| mkdir("foo.dir", 0);
| 
|   ;
|   return 0;
| }
configure:22329: result: no
configure:22332: checking for glibc style mkdir
configure:22357: g++ -o conftest -g   conftest.cc  >&5
configure:22363: $? = 0
configure:22367: test -z 
			 || test ! -s conftest.err
configure:22370: $? = 0
configure:22373: test -s conftest
configure:22376: $? = 0
configure:22389: result: yes
configure:22392: checking for libc5 style mkdir
configure:22417: g++ -o conftest -g   conftest.cc  >&5
configure:22423: $? = 0
configure:22427: test -z 
			 || test ! -s conftest.err
configure:22430: $? = 0
configure:22433: test -s conftest
configure:22436: $? = 0
configure:22449: result: yes
configure:22452: checking for win32 style mkdir
configure:22476: g++ -o conftest -g   conftest.cc  >&5
conftest.cc:71:10: fatal error: direct.h: No such file or directory
   71 | #include <direct.h>
      |          ^~~~~~~~~~
compilation terminated.
configure:22482: $? = 1
configure: failed program was:
| /* confdefs.h.  */
| 
| #define PACKAGE_NAME "jikes"
| #define PACKAGE_TARNAME "jikes"
| #define PACKAGE_VERSION "1.22"
| #define PACKAGE_STRING "jikes 1.22"
| #define PACKAGE_BUGREPORT ""
| #define PACKAGE "jikes"
| #define VERSION "1.22"
| #define JIKES_VERSION_STRING "Version 1.22 - 3 October 2004"
| #define JIKES_DEBUG 1
| #ifdef __cplusplus
| extern "C" void std::exit (int) throw (); using std::exit;
| #endif
| #define PATH_SEPARATOR ':'
| #define UNIX_FILE_SYSTEM
| #define STDC_HEADERS 1
| #define HAVE_SYS_TYPES_H 1
| #define HAVE_SYS_STAT_H 1
| #define HAVE_STDLIB_H 1
| #define HAVE_STRING_H 1
| #define HAVE_MEMORY_H 1
| #define HAVE_STRINGS_H 1
| #define HAVE_INTTYPES_H 1
| #define HAVE_STDINT_H 1
| #define HAVE_UNISTD_H 1
| #define HAVE_STDIO_H 1
| #define HAVE_ASSERT_H 1
| #define HAVE_ERRNO_H 1
| #define HAVE_LIMITS_H 1
| #define HAVE_CTYPE_H 1
| #define HAVE_TIME_H 1
| #define HAVE_FLOAT_H 1
| #define HAVE_DIRENT_H 1
| #define HAVE_LOCALE_H 1
| #define HAVE_MATH_H 1
| #define HAVE_NAMESPACES 1
| #define HAVE_STD
| #define HAVE_BOOL
| #define HAVE_ERROR_DISCARD_CONST
| #define HAVE_WCHAR_H 1
| #define HAVE_STRING_H 1
| #define HAVE_STRINGS_H 1
| #define HAVE_MEMORY_H 1
| #define HAVE_WCSLEN 1
| #define HAVE_WCSCPY 1
| #define HAVE_WCSNCPY 1
| #define HAVE_WCSCAT 1
| #define HAVE_WCSCMP 1
| #define HAVE_WCSNCMP 1
| #define HAVE_WINT_T 1
| #define HAVE_OSTREAM_CONST_UNSIGNED_CHAR_PTR
| #define HAVE_ICONV_H 1
| #define HAVE_ERROR_CALL_ICONV_CONST
| #define SIZEOF_WCHAR_T 4
| #define JIKES_ICONV_ENCODING "wchar_t"
| #define HAVE_ENCODING 1
| #define HAVE_MEMBER_CONSTANTS
| #define HAVE_EXPLICIT
| #define HAVE_RTTI
| #define HAVE_CONST_CAST
| #define HAVE_DYNAMIC_CAST
| #define HAVE_REINTERPRET_CAST
| #define HAVE_STATIC_CAST
| #define TYPE_INT32_T_IS_INT 1
| #define HAVE_64BIT_TYPES 1
| #define JIKES_STAT_S_IFDIR __S_IFDIR
| #define HAVE_MKDIR 1
| /* end confdefs.h.  */
| 
| #include <direct.h>
| 
| int
| main ()
| {
| mkdir("foo.dir");
| 
|   ;
|   return 0;
| }
configure:22508: result: no
configure:22546: checking floating point bug workaround for ICC compiler
configure:22602: result: no
configure:22780: creating ./config.status

## ---------------------- ##
## Running config.status. ##
## ---------------------- ##

This file was extended by jikes config.status 1.22, which was
generated by GNU Autoconf 2.59.  Invocation command line was

  CONFIG_FILES    = 
  CONFIG_HEADERS  = 
  CONFIG_LINKS    = 
  CONFIG_COMMANDS = 
  $ ./config.status 

on DESKTOP-FBVGKFN

config.status:688: creating Makefile
config.status:688: creating doc/Makefile
config.status:688: creating src/Makefile
config.status:792: creating src/config.h
config.status:1012: src/config.h is unchanged
config.status:1192: executing depfiles commands

## ---------------- ##
## Cache variables. ##
## ---------------- ##

ac_cv_build=x86_64-unknown-linux-gnu
ac_cv_build_alias=x86_64-unknown-linux-gnu
ac_cv_call_iconv=yes
ac_cv_call_iconv_non_const=yes
ac_cv_call_wcslen=yes
ac_cv_cxx_bool=yes
ac_cv_cxx_compiler_gnu=yes
ac_cv_cxx_const_cast=yes
ac_cv_cxx_dynamic_cast=yes
ac_cv_cxx_explicit=yes
ac_cv_cxx_have_std=yes
ac_cv_cxx_member_constants=yes
ac_cv_cxx_namespaces=yes
ac_cv_cxx_ostream_const_unsigned_char_ptr=yes
ac_cv_cxx_reinterpret_cast=yes
ac_cv_cxx_rtti=yes
ac_cv_cxx_static_cast=yes
ac_cv_env_CPPFLAGS_set=
ac_cv_env_CPPFLAGS_value=
ac_cv_env_CXXCPP_set=
ac_cv_env_CXXCPP_value=
ac_cv_env_CXXFLAGS_set=
ac_cv_env_CXXFLAGS_value=
ac_cv_env_CXX_set=
ac_cv_env_CXX_value=
ac_cv_env_LDFLAGS_set=
ac_cv_env_LDFLAGS_value=
ac_cv_env_build_alias_set=
ac_cv_env_build_alias_value=
ac_cv_env_host_alias_set=
ac_cv_env_host_alias_value=
ac_cv_env_target_alias_set=
ac_cv_env_target_alias_value=
ac_cv_error_call_iconv_const=yes
ac_cv_error_call_wcslen_const=no
ac_cv_error_discard_const=yes
ac_cv_exeext=
ac_cv_func_cygwin_win32_to_posix_path_list=no
ac_cv_func_mkdir=yes
ac_cv_func_wcscat=yes
ac_cv_func_wcscmp=yes
ac_cv_func_wcscpy=yes
ac_cv_func_wcslen=yes
ac_cv_func_wcsncmp=yes
ac_cv_func_wcsncpy=yes
ac_cv_header_assert_h=yes
ac_cv_header_ctype_h=yes
ac_cv_header_direct_h=no
ac_cv_header_dirent_h=yes
ac_cv_header_errno_h=yes
ac_cv_header_float_h=yes
ac_cv_header_iconv_h=yes
ac_cv_header_inttypes_h=yes
ac_cv_header_limits_h=yes
ac_cv_header_locale_h=yes
ac_cv_header_math_h=yes
ac_cv_header_memory_h=yes
ac_cv_header_stdc=yes
ac_cv_header_stdint_h=yes
ac_cv_header_stdio_h=yes
ac_cv_header_stdlib_h=yes
ac_cv_header_string_h=yes
ac_cv_header_strings_h=yes
ac_cv_header_sys_cygwin_h=no
ac_cv_header_sys_stat_h=yes
ac_cv_header_sys_types_h=yes
ac_cv_header_time_h=yes
ac_cv_header_unistd_h=yes
ac_cv_header_wchar_h=yes
ac_cv_header_windows_h=no
ac_cv_host=x86_64-unknown-linux-gnu
ac_cv_host_alias=x86_64-unknown-linux-gnu
ac_cv_int32_t_is_int=yes
ac_cv_jikes_iconv_encoding=wchar_t
ac_cv_lib_icu_uc_u_getVersion=no
ac_cv_objext=o
ac_cv_path_TOUCH=/usr/bin/touch
ac_cv_path_install='/usr/bin/install -c'
ac_cv_prog_AWK=gawk
ac_cv_prog_CXXCPP='g++ -E'
ac_cv_prog_ac_ct_CXX=g++
ac_cv_prog_ac_ct_STRIP=strip
ac_cv_prog_cxx_g=yes
ac_cv_prog_egrep='grep -E'
ac_cv_prog_make_make_set=yes
ac_cv_search_cos='none required'
ac_cv_search_iconv='none required'
ac_cv_search_libiconv_open=no
ac_cv_sizeof_wchar_t=4
ac_cv_standard_set_new_handler=yes
ac_cv_type_int16_t=yes
ac_cv_type_int32_t=yes
ac_cv_type_int64_t=yes
ac_cv_type_int8_t=yes
ac_cv_type_uint16_t=yes
ac_cv_type_uint32_t=yes
ac_cv_type_uint64_t=yes
ac_cv_type_uint8_t=yes
ac_cv_type_wchar_t=yes
ac_cv_type_wint_t=yes
ac_cv_vcpp_set_new_handler=no
acx_cv_pathname_style_dos=no
am_cv_CXX_dependencies_compiler_type=gcc3
jikes_cv_glibc_mkdir=yes
jikes_cv_icc_fp_bugs=no
jikes_cv_libc5_mkdir=yes
jikes_cv_mac_mkdir=no
jikes_cv_stat_ifdir_0underscore=yes
jikes_cv_stat_ifdir_1underscore=no
jikes_cv_stat_ifdir_2underscore=yes
jikes_cv_win32_mkdir=no

## ----------------- ##
## Output variables. ##
## ----------------- ##

ACLOCAL='${SHELL} /mnt/c/Code/pinottest/pinot/missing --run aclocal-1.8'
AMDEPBACKSLASH='\'
AMDEP_FALSE='#'
AMDEP_TRUE=''
AMTAR='${SHELL} /mnt/c/Code/pinottest/pinot/missing --run tar'
AUTOCONF='${SHELL} /mnt/c/Code/pinottest/pinot/missing --run autoconf'
AUTOHEADER='${SHELL} /mnt/c/Code/pinottest/pinot/missing --run autoheader'
AUTOMAKE='${SHELL} /mnt/c/Code/pinottest/pinot/missing --run automake-1.8'
AWK='gawk'
CPPFLAGS=''
CXX='g++'
CXXCPP='g++ -E'
CXXDEPMODE='depmode=gcc3'
CXXFLAGS='-g'
CYGPATH_W='echo'
DEFS='-DHAVE_CONFIG_H'
DEPDIR='.deps'
ECHO_C=''
ECHO_N='-n'
ECHO_T=''
EGREP='grep -E'
EXEEXT=''
INSTALL_DATA='${INSTALL} -m 644'
INSTALL_PROGRAM='${INSTALL}'
INSTALL_SCRIPT='${INSTALL}'
INSTALL_STRIP_PROGRAM='${SHELL} $(install_sh) -c -s'
JIKESPG='jikespg'
LDFLAGS=''
LIBOBJS=''
LIBS=''
LTLIBOBJS=''
MAINT='#'
MAINTAINER_MODE_FALSE=''
MAINTAINER_MODE_TRUE='#'
MAKEINFO='${SHELL} /mnt/c/Code/pinottest/pinot/missing --run makeinfo'
OBJEXT='o'
PACKAGE='jikes'
PACKAGE_BUGREPORT=''
PACKAGE_NAME='jikes'
PACKAGE_STRING='jikes 1.22'
PACKAGE_TARNAME='jikes'
PACKAGE_VERSION='1.22'
PATH_SEPARATOR=':'
SET_MAKE=''
SHELL='/bin/bash'
STRIP='strip'
TOUCH='/usr/bin/touch'
VERSION='1.22'
ac_ct_CXX='g++'
ac_ct_STRIP='strip'
am__fastdepCXX_FALSE='#'
am__fastdepCXX_TRUE=''
am__include='include'
am__leading_dot='.'
am__quote=''
bindir='${exec_prefix}/bin'
build='x86_64-unknown-linux-gnu'
build_alias=''
build_cpu='x86_64'
build_os='linux-gnu'
build_vendor='unknown'
datadir='${prefix}/share'
exec_prefix='${prefix}'
host='x86_64-unknown-linux-gnu'
host_alias=''
host_cpu='x86_64'
host_os='linux-gnu'
host_vendor='unknown'
includedir='${prefix}/include'
infodir='${prefix}/info'
install_sh='/mnt/c/Code/pinottest/pinot/install-sh'
libdir='${exec_prefix}/lib'
libexecdir='${exec_prefix}/libexec'
localstatedir='${prefix}/var'
mandir='${prefix}/man'
mkdir_p='mkdir -p -- .'
oldincludedir='/usr/include'
prefix='/mnt/c/Code/pinottest/PREFIX'
program_transform_name='s,x,x,'
sbindir='${exec_prefix}/sbin'
sharedstatedir='${prefix}/com'
sysconfdir='${prefix}/etc'
target_alias=''

## ----------- ##
## confdefs.h. ##
## ----------- ##

#define ENABLE_SOURCE_15 0
#define HAVE_64BIT_TYPES 1
#define HAVE_ASSERT_H 1
#define HAVE_BOOL
#define HAVE_CONST_CAST
#define HAVE_CTYPE_H 1
#define HAVE_DIRENT_H 1
#define HAVE_DYNAMIC_CAST
#define HAVE_ENCODING 1
#define HAVE_ERRNO_H 1
#define HAVE_ERROR_CALL_ICONV_CONST
#define HAVE_ERROR_DISCARD_CONST
#define HAVE_EXPLICIT
#define HAVE_FLOAT_H 1
#define HAVE_GLIBC_MKDIR
#define HAVE_ICONV_H 1
#define HAVE_INTTYPES_H 1
#define HAVE_LIMITS_H 1
#define HAVE_LOCALE_H 1
#define HAVE_MATH_H 1
#define HAVE_MEMBER_CONSTANTS
#define HAVE_MEMORY_H 1
#define HAVE_MEMORY_H 1
#define HAVE_MKDIR 1
#define HAVE_NAMESPACES 1
#define HAVE_OSTREAM_CONST_UNSIGNED_CHAR_PTR
#define HAVE_REINTERPRET_CAST
#define HAVE_RTTI
#define HAVE_STATIC_CAST
#define HAVE_STD
#define HAVE_STDINT_H 1
#define HAVE_STDIO_H 1
#define HAVE_STDLIB_H 1
#define HAVE_STRINGS_H 1
#define HAVE_STRINGS_H 1
#define HAVE_STRING_H 1
#define HAVE_STRING_H 1
#define HAVE_SYS_STAT_H 1
#define HAVE_SYS_TYPES_H 1
#define HAVE_TIME_H 1
#define HAVE_UNISTD_H 1
#define HAVE_WCHAR_H 1
#define HAVE_WCSCAT 1
#define HAVE_WCSCMP 1
#define HAVE_WCSCPY 1
#define HAVE_WCSLEN 1
#define HAVE_WCSNCMP 1
#define HAVE_WCSNCPY 1
#define HAVE_WINT_T 1
#define JIKES_DEBUG 1
#define JIKES_ICONV_ENCODING "wchar_t"
#define JIKES_STAT_S_IFDIR __S_IFDIR
#define JIKES_VERSION_STRING "Version 1.22 - 3 October 2004"
#define PACKAGE "jikes"
#define PACKAGE_BUGREPORT ""
#define PACKAGE_NAME "jikes"
#define PACKAGE_STRING "jikes 1.22"
#define PACKAGE_TARNAME "jikes"
#define PACKAGE_VERSION "1.22"
#define PATH_SEPARATOR ':'
#define SIZEOF_WCHAR_T 4
#define STDC_HEADERS 1
#define TYPE_INT32_T_IS_INT 1
#define UNIX_FILE_SYSTEM
#define VERSION "1.22"
#endif
#ifdef __cplusplus
extern "C" void std::exit (int) throw (); using std::exit;

configure: exit 0
